<?xml version="1.0" encoding="UTF-8"?>
<!-- Generated by org.testng.reporters.JUnitReportReporter -->
<testsuite hostname="Jagadish" name="com.org.selenium.selenium1.firstOne1" tests="1" failures="0" timestamp="23 Jun 2019 04:43:15 GMT" time="22.831" errors="0">
  <testcase name="f" time="22.831" classname="com.org.selenium.selenium1.firstOne1"/>
</testsuite> <!-- com.org.selenium.selenium1.firstOne1 -->
