<?xml version="1.0" encoding="UTF-8"?>
<!-- Generated by org.testng.reporters.JUnitReportReporter -->
<testsuite hostname="Jagadish" name="com.org.selenium.selenium1.secondTwo2" tests="1" failures="0" timestamp="23 Jun 2019 05:29:43 GMT" time="9.850" errors="0">
  <testcase name="main" time="9.850" classname="com.org.selenium.selenium1.secondTwo2"/>
</testsuite> <!-- com.org.selenium.selenium1.secondTwo2 -->
